2025-11-01 18:17:22.623 | INFO     | __main__:run:75 - ============================================================
2025-11-01 18:17:22.624 | INFO     | __main__:run:76 - 🚀 CRYPTO ARBITRAGE DETECTION SYSTEM
2025-11-01 18:17:22.624 | INFO     | __main__:run:77 - ============================================================
2025-11-01 18:17:22.624 | INFO     | __main__:run:78 - Monitoring exchanges: Coinbase, Binance, Bitstamp
2025-11-01 18:17:22.624 | INFO     | __main__:run:79 - Trading pairs: BTC-USD, ETH-USD, SOL-USD
2025-11-01 18:17:22.624 | INFO     | __main__:run:80 - Dashboard: http://localhost:8050
2025-11-01 18:17:22.626 | INFO     | __main__:run:81 - ============================================================
2025-11-01 18:17:22.659 | INFO     | dashboard:run:458 - Starting dashboard on http://0.0.0.0:8050
2025-11-01 18:17:24.638 | INFO     | __main__:run_data_collection:63 - Starting data collection and arbitrage detection...
2025-11-01 18:17:24.639 | INFO     | data_ingestion:start:224 - Starting multi-exchange aggregator...
2025-11-01 18:17:24.889 | INFO     | data_ingestion:connect:25 - Connected to Bitstamp
2025-11-01 18:17:24.890 | INFO     | data_ingestion:subscribe:177 - Subscribed to Bitstamp symbols: ['btcusd', 'ethusd', 'solusd']
2025-11-01 18:17:25.164 | INFO     | data_ingestion:connect:25 - Connected to Coinbase
2025-11-01 18:17:25.164 | INFO     | data_ingestion:subscribe:95 - Subscribed to Coinbase symbols: ['BTC-USD', 'ETH-USD', 'SOL-USD']
2025-11-01 18:17:25.478 | INFO     | data_ingestion:connect:131 - Connected to Binance
2025-11-01 18:22:24.657 | INFO     | __main__:train_ml_model:37 - Training ML model on historical data...
2025-11-01 18:22:24.687 | WARNING  | ml_predictor:train:124 - Insufficient data for training
2025-11-01 18:27:24.693 | INFO     | __main__:train_ml_model:37 - Training ML model on historical data...
2025-11-01 18:27:24.745 | WARNING  | ml_predictor:train:124 - Insufficient data for training
2025-11-01 18:32:24.753 | INFO     | __main__:train_ml_model:37 - Training ML model on historical data...
2025-11-01 18:32:24.811 | WARNING  | ml_predictor:train:124 - Insufficient data for training
